<?xml version="1.0" encoding="UTF-8"?>
<!-- Generated by org.testng.reporters.JUnitXMLReporter -->
<testsuite hostname="EG5CG9024YKL" ignored="2" name="test" tests="3" failures="0" timestamp="2020-08-11T23:16:32 EET" time="11.775" errors="0">
  <testcase name="signUpProcess" time="8.161" classname="test.LoginTest"/>
  <testcase name="logOut" time="3.026" classname="test.LoginTest"/>
  <testcase name="login" time="0.521" classname="test.LoginTest"/>
  <testcase name="@BeforeSuite startDriver" time="0.0" classname="test.TestBase">
    <ignored/>
  </testcase> <!-- @BeforeSuite startDriver -->
  <testcase name="@AfterSuite stopDriver" time="0.0" classname="test.TestBase">
    <ignored/>
  </testcase> <!-- @AfterSuite stopDriver -->
</testsuite> <!-- test -->
